2019-05-20 15:03:42.857 [main] WARN  tk.mybatis.spring.mapper.ClassPathMapperScanner - No MyBatis mapper was found in '[com.ufi.pdioms.resource]' package. Please check your configuration.
2019-05-20 15:03:42.870 [main] WARN  org.mybatis.spring.mapper.ClassPathMapperScanner - No MyBatis mapper was found in '[com.ufi.pdioms.resource]' package. Please check your configuration.
2019-05-20 15:03:43.623 [main] WARN  o.s.b.a.t.ThymeleafAutoConfiguration$DefaultTemplateResolverConfiguration - Cannot find template location: classpath:/templates/ (please add some templates or check your Thymeleaf configuration)
2019-05-20 15:13:26.120 [main] WARN  tk.mybatis.spring.mapper.ClassPathMapperScanner - No MyBatis mapper was found in '[com.ufi.pdioms.resource.*.*]' package. Please check your configuration.
2019-05-20 15:13:26.233 [main] WARN  tk.mybatis.spring.mapper.ClassPathMapperScanner - No MyBatis mapper was found in '[com.ufi.pdioms.resource]' package. Please check your configuration.
2019-05-20 15:13:26.245 [main] WARN  org.mybatis.spring.mapper.ClassPathMapperScanner - No MyBatis mapper was found in '[com.ufi.pdioms.resource]' package. Please check your configuration.
2019-05-20 15:13:27.186 [main] WARN  o.s.b.a.t.ThymeleafAutoConfiguration$DefaultTemplateResolverConfiguration - Cannot find template location: classpath:/templates/ (please add some templates or check your Thymeleaf configuration)
2019-05-20 15:16:07.703 [main] WARN  tk.mybatis.spring.mapper.ClassPathMapperScanner - No MyBatis mapper was found in '[com.ufi.pdioms.resource.*.*]' package. Please check your configuration.
2019-05-20 15:16:07.797 [main] WARN  tk.mybatis.spring.mapper.ClassPathMapperScanner - No MyBatis mapper was found in '[com.ufi.pdioms.resource]' package. Please check your configuration.
2019-05-20 15:16:07.811 [main] WARN  org.mybatis.spring.mapper.ClassPathMapperScanner - No MyBatis mapper was found in '[com.ufi.pdioms.resource]' package. Please check your configuration.
2019-05-20 15:16:08.577 [main] WARN  o.s.b.a.t.ThymeleafAutoConfiguration$DefaultTemplateResolverConfiguration - Cannot find template location: classpath:/templates/ (please add some templates or check your Thymeleaf configuration)
2019-05-20 15:34:27.662 [main] WARN  tk.mybatis.spring.mapper.ClassPathMapperScanner - Skipping MapperFactoryBean with name 'userDao' and 'com.ufi.pdioms.resource.drone.dao.UserDao' mapperInterface. Bean already defined with the same name!
2019-05-20 15:34:27.663 [main] WARN  tk.mybatis.spring.mapper.ClassPathMapperScanner - No MyBatis mapper was found in '[com.ufi.pdioms.resource]' package. Please check your configuration.
2019-05-20 15:34:27.680 [main] WARN  org.mybatis.spring.mapper.ClassPathMapperScanner - Skipping MapperFactoryBean with name 'userDao' and 'com.ufi.pdioms.resource.drone.dao.UserDao' mapperInterface. Bean already defined with the same name!
2019-05-20 15:34:27.681 [main] WARN  org.mybatis.spring.mapper.ClassPathMapperScanner - No MyBatis mapper was found in '[com.ufi.pdioms.resource]' package. Please check your configuration.
2019-05-20 15:34:28.665 [main] WARN  o.s.b.a.t.ThymeleafAutoConfiguration$DefaultTemplateResolverConfiguration - Cannot find template location: classpath:/templates/ (please add some templates or check your Thymeleaf configuration)
2019-05-20 15:36:32.260 [main] WARN  tk.mybatis.spring.mapper.ClassPathMapperScanner - No MyBatis mapper was found in '[com.ufi.pdioms.resource.drone.dao.*]' package. Please check your configuration.
2019-05-20 15:36:32.382 [main] WARN  org.mybatis.spring.mapper.ClassPathMapperScanner - Skipping MapperFactoryBean with name 'userDao' and 'com.ufi.pdioms.resource.drone.dao.UserDao' mapperInterface. Bean already defined with the same name!
2019-05-20 15:36:32.382 [main] WARN  org.mybatis.spring.mapper.ClassPathMapperScanner - No MyBatis mapper was found in '[com.ufi.pdioms.resource]' package. Please check your configuration.
2019-05-20 15:36:33.336 [main] WARN  o.s.b.a.t.ThymeleafAutoConfiguration$DefaultTemplateResolverConfiguration - Cannot find template location: classpath:/templates/ (please add some templates or check your Thymeleaf configuration)
2019-05-20 15:36:50.601 [main] WARN  tk.mybatis.spring.mapper.ClassPathMapperScanner - No MyBatis mapper was found in '[com.ufi.pdioms.resource.*.dao.*]' package. Please check your configuration.
2019-05-20 15:36:50.713 [main] WARN  org.mybatis.spring.mapper.ClassPathMapperScanner - Skipping MapperFactoryBean with name 'userDao' and 'com.ufi.pdioms.resource.drone.dao.UserDao' mapperInterface. Bean already defined with the same name!
2019-05-20 15:36:50.714 [main] WARN  org.mybatis.spring.mapper.ClassPathMapperScanner - No MyBatis mapper was found in '[com.ufi.pdioms.resource]' package. Please check your configuration.
2019-05-20 15:36:51.630 [main] WARN  o.s.b.a.t.ThymeleafAutoConfiguration$DefaultTemplateResolverConfiguration - Cannot find template location: classpath:/templates/ (please add some templates or check your Thymeleaf configuration)
2019-05-20 15:55:31.384 [main] WARN  tk.mybatis.spring.mapper.ClassPathMapperScanner - No MyBatis mapper was found in '[com.ufi.pdioms.resource.*.dao.*]' package. Please check your configuration.
2019-05-20 15:55:31.488 [main] WARN  org.mybatis.spring.mapper.ClassPathMapperScanner - Skipping MapperFactoryBean with name 'userDao' and 'com.ufi.pdioms.resource.drone.dao.UserDao' mapperInterface. Bean already defined with the same name!
2019-05-20 15:55:31.488 [main] WARN  org.mybatis.spring.mapper.ClassPathMapperScanner - No MyBatis mapper was found in '[com.ufi.pdioms.resource]' package. Please check your configuration.
2019-05-20 15:55:32.716 [main] WARN  o.s.b.a.t.ThymeleafAutoConfiguration$DefaultTemplateResolverConfiguration - Cannot find template location: classpath:/templates/ (please add some templates or check your Thymeleaf configuration)
2019-05-20 16:02:13.755 [main] WARN  tk.mybatis.spring.mapper.ClassPathMapperScanner - No MyBatis mapper was found in '[com.ufi.pdioms.resource.*.dao.*]' package. Please check your configuration.
2019-05-20 16:02:13.872 [main] WARN  org.mybatis.spring.mapper.ClassPathMapperScanner - Skipping MapperFactoryBean with name 'userDao' and 'com.ufi.pdioms.resource.drone.dao.UserDao' mapperInterface. Bean already defined with the same name!
2019-05-20 16:02:13.872 [main] WARN  org.mybatis.spring.mapper.ClassPathMapperScanner - No MyBatis mapper was found in '[com.ufi.pdioms.resource]' package. Please check your configuration.
2019-05-20 16:02:15.244 [main] WARN  o.s.b.a.t.ThymeleafAutoConfiguration$DefaultTemplateResolverConfiguration - Cannot find template location: classpath:/templates/ (please add some templates or check your Thymeleaf configuration)
2019-05-20 16:21:49.094 [main] WARN  tk.mybatis.spring.mapper.ClassPathMapperScanner - No MyBatis mapper was found in '[com.ufi.pdioms.resource.*.dao.*]' package. Please check your configuration.
2019-05-20 16:21:49.230 [main] WARN  org.mybatis.spring.mapper.ClassPathMapperScanner - Skipping MapperFactoryBean with name 'userDao' and 'com.ufi.pdioms.resource.drone.dao.UserDao' mapperInterface. Bean already defined with the same name!
2019-05-20 16:21:49.231 [main] WARN  org.mybatis.spring.mapper.ClassPathMapperScanner - No MyBatis mapper was found in '[com.ufi.pdioms.resource]' package. Please check your configuration.
2019-05-20 16:21:50.554 [main] WARN  o.s.b.a.t.ThymeleafAutoConfiguration$DefaultTemplateResolverConfiguration - Cannot find template location: classpath:/templates/ (please add some templates or check your Thymeleaf configuration)
2019-05-20 16:22:02.119 [main] WARN  tk.mybatis.spring.mapper.ClassPathMapperScanner - No MyBatis mapper was found in '[com.ufi.pdioms.resource.*.dao.*]' package. Please check your configuration.
2019-05-20 16:22:02.214 [main] WARN  org.mybatis.spring.mapper.ClassPathMapperScanner - Skipping MapperFactoryBean with name 'userDao' and 'com.ufi.pdioms.resource.drone.dao.UserDao' mapperInterface. Bean already defined with the same name!
2019-05-20 16:22:02.215 [main] WARN  org.mybatis.spring.mapper.ClassPathMapperScanner - No MyBatis mapper was found in '[com.ufi.pdioms.resource]' package. Please check your configuration.
2019-05-20 16:22:03.113 [main] WARN  o.s.b.a.t.ThymeleafAutoConfiguration$DefaultTemplateResolverConfiguration - Cannot find template location: classpath:/templates/ (please add some templates or check your Thymeleaf configuration)
2019-05-20 17:45:02.057 [main] WARN  tk.mybatis.spring.mapper.ClassPathMapperScanner - No MyBatis mapper was found in '[com.ufi.pdioms.resource.*.dao.*]' package. Please check your configuration.
2019-05-20 17:45:02.270 [main] WARN  org.mybatis.spring.mapper.ClassPathMapperScanner - Skipping MapperFactoryBean with name 'userDao' and 'com.ufi.pdioms.resource.drone.dao.UserDao' mapperInterface. Bean already defined with the same name!
2019-05-20 17:45:02.270 [main] WARN  org.mybatis.spring.mapper.ClassPathMapperScanner - No MyBatis mapper was found in '[com.ufi.pdioms.resource]' package. Please check your configuration.
2019-05-20 17:45:03.684 [main] WARN  o.s.b.a.t.ThymeleafAutoConfiguration$DefaultTemplateResolverConfiguration - Cannot find template location: classpath:/templates/ (please add some templates or check your Thymeleaf configuration)
2019-05-20 18:07:56.008 [main] WARN  tk.mybatis.spring.mapper.ClassPathMapperScanner - No MyBatis mapper was found in '[com.ufi.pdioms.resource.*.dao.*]' package. Please check your configuration.
2019-05-20 18:07:56.138 [main] WARN  org.mybatis.spring.mapper.ClassPathMapperScanner - Skipping MapperFactoryBean with name 'userDao' and 'com.ufi.pdioms.resource.drone.dao.UserDao' mapperInterface. Bean already defined with the same name!
2019-05-20 18:07:56.139 [main] WARN  org.mybatis.spring.mapper.ClassPathMapperScanner - No MyBatis mapper was found in '[com.ufi.pdioms.resource]' package. Please check your configuration.
2019-05-20 18:07:57.409 [main] WARN  o.s.b.a.t.ThymeleafAutoConfiguration$DefaultTemplateResolverConfiguration - Cannot find template location: classpath:/templates/ (please add some templates or check your Thymeleaf configuration)
2019-05-20 18:19:58.575 [main] WARN  tk.mybatis.spring.mapper.ClassPathMapperScanner - No MyBatis mapper was found in '[com.ufi.pdioms.resource.*.dao.*]' package. Please check your configuration.
2019-05-20 18:19:58.693 [main] WARN  org.mybatis.spring.mapper.ClassPathMapperScanner - Skipping MapperFactoryBean with name 'userDao' and 'com.ufi.pdioms.resource.drone.dao.UserDao' mapperInterface. Bean already defined with the same name!
2019-05-20 18:19:58.694 [main] WARN  org.mybatis.spring.mapper.ClassPathMapperScanner - No MyBatis mapper was found in '[com.ufi.pdioms.resource]' package. Please check your configuration.
2019-05-20 18:19:59.608 [main] WARN  o.s.b.a.t.ThymeleafAutoConfiguration$DefaultTemplateResolverConfiguration - Cannot find template location: classpath:/templates/ (please add some templates or check your Thymeleaf configuration)
2019-05-20 18:20:38.594 [main] WARN  tk.mybatis.spring.mapper.ClassPathMapperScanner - No MyBatis mapper was found in '[com.ufi.pdioms.resource.*.dao.*]' package. Please check your configuration.
2019-05-20 18:20:38.708 [main] WARN  org.mybatis.spring.mapper.ClassPathMapperScanner - Skipping MapperFactoryBean with name 'userDao' and 'com.ufi.pdioms.resource.drone.dao.UserDao' mapperInterface. Bean already defined with the same name!
2019-05-20 18:20:38.709 [main] WARN  org.mybatis.spring.mapper.ClassPathMapperScanner - No MyBatis mapper was found in '[com.ufi.pdioms.resource]' package. Please check your configuration.
2019-05-20 18:20:39.616 [main] WARN  o.s.b.a.t.ThymeleafAutoConfiguration$DefaultTemplateResolverConfiguration - Cannot find template location: classpath:/templates/ (please add some templates or check your Thymeleaf configuration)
2019-05-20 18:21:31.751 [main] WARN  tk.mybatis.spring.mapper.ClassPathMapperScanner - No MyBatis mapper was found in '[com.ufi.pdioms.resource.*.dao.*]' package. Please check your configuration.
2019-05-20 18:21:31.860 [main] WARN  org.mybatis.spring.mapper.ClassPathMapperScanner - Skipping MapperFactoryBean with name 'userDao' and 'com.ufi.pdioms.resource.drone.dao.UserDao' mapperInterface. Bean already defined with the same name!
2019-05-20 18:21:31.860 [main] WARN  org.mybatis.spring.mapper.ClassPathMapperScanner - No MyBatis mapper was found in '[com.ufi.pdioms.resource]' package. Please check your configuration.
2019-05-20 18:21:32.792 [main] WARN  o.s.b.a.t.ThymeleafAutoConfiguration$DefaultTemplateResolverConfiguration - Cannot find template location: classpath:/templates/ (please add some templates or check your Thymeleaf configuration)
2019-05-20 18:22:07.016 [main] WARN  tk.mybatis.spring.mapper.ClassPathMapperScanner - No MyBatis mapper was found in '[com.ufi.pdioms.resource.*.dao.*]' package. Please check your configuration.
2019-05-20 18:22:07.121 [main] WARN  org.mybatis.spring.mapper.ClassPathMapperScanner - Skipping MapperFactoryBean with name 'userDao' and 'com.ufi.pdioms.resource.drone.dao.UserDao' mapperInterface. Bean already defined with the same name!
2019-05-20 18:22:07.122 [main] WARN  org.mybatis.spring.mapper.ClassPathMapperScanner - No MyBatis mapper was found in '[com.ufi.pdioms.resource]' package. Please check your configuration.
2019-05-20 18:22:08.062 [main] WARN  o.s.b.a.t.ThymeleafAutoConfiguration$DefaultTemplateResolverConfiguration - Cannot find template location: classpath:/templates/ (please add some templates or check your Thymeleaf configuration)
2019-05-20 18:29:03.874 [main] WARN  tk.mybatis.spring.mapper.ClassPathMapperScanner - No MyBatis mapper was found in '[com.ufi.pdioms.resource.*.dao.*]' package. Please check your configuration.
2019-05-20 18:29:03.975 [main] WARN  org.mybatis.spring.mapper.ClassPathMapperScanner - Skipping MapperFactoryBean with name 'userDao' and 'com.ufi.pdioms.resource.drone.dao.UserDao' mapperInterface. Bean already defined with the same name!
2019-05-20 18:29:03.975 [main] WARN  org.mybatis.spring.mapper.ClassPathMapperScanner - No MyBatis mapper was found in '[com.ufi.pdioms.resource]' package. Please check your configuration.
2019-05-20 18:29:04.887 [main] WARN  o.s.b.a.t.ThymeleafAutoConfiguration$DefaultTemplateResolverConfiguration - Cannot find template location: classpath:/templates/ (please add some templates or check your Thymeleaf configuration)
2019-05-20 18:37:33.779 [main] WARN  tk.mybatis.spring.mapper.ClassPathMapperScanner - No MyBatis mapper was found in '[com.ufi.pdioms.resource.*.dao.*]' package. Please check your configuration.
2019-05-20 18:37:33.884 [main] WARN  org.mybatis.spring.mapper.ClassPathMapperScanner - Skipping MapperFactoryBean with name 'userDao' and 'com.ufi.pdioms.resource.drone.dao.UserDao' mapperInterface. Bean already defined with the same name!
2019-05-20 18:37:33.885 [main] WARN  org.mybatis.spring.mapper.ClassPathMapperScanner - No MyBatis mapper was found in '[com.ufi.pdioms.resource]' package. Please check your configuration.
2019-05-20 18:37:34.796 [main] WARN  o.s.b.a.t.ThymeleafAutoConfiguration$DefaultTemplateResolverConfiguration - Cannot find template location: classpath:/templates/ (please add some templates or check your Thymeleaf configuration)
2019-05-20 18:39:47.526 [main] WARN  tk.mybatis.spring.mapper.ClassPathMapperScanner - No MyBatis mapper was found in '[com.ufi.pdioms.resource.*.dao.*]' package. Please check your configuration.
2019-05-20 18:39:47.641 [main] WARN  org.mybatis.spring.mapper.ClassPathMapperScanner - Skipping MapperFactoryBean with name 'userDao' and 'com.ufi.pdioms.resource.drone.dao.UserDao' mapperInterface. Bean already defined with the same name!
2019-05-20 18:39:47.642 [main] WARN  org.mybatis.spring.mapper.ClassPathMapperScanner - No MyBatis mapper was found in '[com.ufi.pdioms.resource]' package. Please check your configuration.
2019-05-20 18:39:48.641 [main] WARN  o.s.b.a.t.ThymeleafAutoConfiguration$DefaultTemplateResolverConfiguration - Cannot find template location: classpath:/templates/ (please add some templates or check your Thymeleaf configuration)
2019-05-20 18:40:58.242 [main] WARN  tk.mybatis.spring.mapper.ClassPathMapperScanner - No MyBatis mapper was found in '[com.ufi.pdioms.resource.*.dao.*]' package. Please check your configuration.
2019-05-20 18:40:58.343 [main] WARN  org.mybatis.spring.mapper.ClassPathMapperScanner - Skipping MapperFactoryBean with name 'userDao' and 'com.ufi.pdioms.resource.drone.dao.UserDao' mapperInterface. Bean already defined with the same name!
2019-05-20 18:40:58.344 [main] WARN  org.mybatis.spring.mapper.ClassPathMapperScanner - No MyBatis mapper was found in '[com.ufi.pdioms.resource]' package. Please check your configuration.
2019-05-20 18:40:59.293 [main] WARN  o.s.b.a.t.ThymeleafAutoConfiguration$DefaultTemplateResolverConfiguration - Cannot find template location: classpath:/templates/ (please add some templates or check your Thymeleaf configuration)
