2019-05-22 16:27:50.189 [main] INFO  com.ufi.pdioms.resource.ResourceApplication - Starting ResourceApplication on DESKTOP-G6Q6BPH with PID 18644 (G:\WorkTest\pdioms_resource_rest\target\classes started by 18933 in G:\WorkTest\pdioms_resource_rest)
2019-05-22 16:27:50.192 [main] INFO  com.ufi.pdioms.resource.ResourceApplication - No active profile set, falling back to default profiles: default
2019-05-22 16:27:51.876 [main] INFO  o.s.d.r.config.RepositoryConfigurationDelegate - Multiple Spring Data modules found, entering strict repository configuration mode!
2019-05-22 16:27:51.878 [main] INFO  o.s.d.r.config.RepositoryConfigurationDelegate - Bootstrapping Spring Data repositories in DEFAULT mode.
2019-05-22 16:27:51.924 [main] INFO  o.s.d.r.config.RepositoryConfigurationDelegate - Finished Spring Data repository scanning in 32ms. Found 0 repository interfaces.
2019-05-22 16:27:52.395 [main] INFO  o.s.c.s.PostProcessorRegistrationDelegate$BeanPostProcessorChecker - Bean 'org.springframework.transaction.annotation.ProxyTransactionManagementConfiguration' of type [org.springframework.transaction.annotation.ProxyTransactionManagementConfiguration$$EnhancerBySpringCGLIB$$a6527aa5] is not eligible for getting processed by all BeanPostProcessors (for example: not eligible for auto-proxying)
2019-05-22 16:27:52.795 [main] INFO  o.s.boot.web.embedded.tomcat.TomcatWebServer - Tomcat initialized with port(s): 9900 (http)
2019-05-22 16:27:52.818 [main] INFO  org.apache.coyote.http11.Http11NioProtocol - Initializing ProtocolHandler ["http-nio-9900"]
2019-05-22 16:27:52.827 [main] INFO  org.apache.catalina.core.StandardService - Starting service [Tomcat]
2019-05-22 16:27:52.828 [main] INFO  org.apache.catalina.core.StandardEngine - Starting Servlet engine: [Apache Tomcat/9.0.19]
2019-05-22 16:27:52.833 [main] INFO  org.apache.catalina.core.AprLifecycleListener - Loaded APR based Apache Tomcat Native library [1.2.21] using APR version [1.6.5].
2019-05-22 16:27:52.833 [main] INFO  org.apache.catalina.core.AprLifecycleListener - APR capabilities: IPv6 [true], sendfile [true], accept filters [false], random [true].
2019-05-22 16:27:52.833 [main] INFO  org.apache.catalina.core.AprLifecycleListener - APR/OpenSSL configuration: useAprConnector [false], useOpenSSL [true]
2019-05-22 16:27:52.875 [main] INFO  org.apache.catalina.core.AprLifecycleListener - OpenSSL successfully initialized [OpenSSL 1.1.1a  20 Nov 2018]
2019-05-22 16:27:53.072 [main] INFO  o.a.c.core.ContainerBase.[Tomcat].[localhost].[/] - Initializing Spring embedded WebApplicationContext
2019-05-22 16:27:53.072 [main] INFO  org.springframework.web.context.ContextLoader - Root WebApplicationContext: initialization completed in 2330 ms
2019-05-22 16:27:57.303 [main] INFO  o.s.scheduling.concurrent.ThreadPoolTaskExecutor - Initializing ExecutorService 'applicationTaskExecutor'
2019-05-22 16:27:59.372 [main] INFO  t.mybatis.mapper.autoconfigure.MapperCacheDisabler - Clear tk.mybatis.mapper.util.MsUtil CLASS_CACHE cache.
2019-05-22 16:27:59.373 [main] INFO  t.mybatis.mapper.autoconfigure.MapperCacheDisabler - Clear tk.mybatis.mapper.genid.GenIdUtil CACHE cache.
2019-05-22 16:27:59.373 [main] INFO  t.mybatis.mapper.autoconfigure.MapperCacheDisabler - Clear tk.mybatis.mapper.version.VersionUtil CACHE cache.
2019-05-22 16:27:59.373 [main] INFO  t.mybatis.mapper.autoconfigure.MapperCacheDisabler - Clear EntityHelper entityTableMap cache.
2019-05-22 16:27:59.847 [main] INFO  org.apache.coyote.http11.Http11NioProtocol - Starting ProtocolHandler ["http-nio-9900"]
2019-05-22 16:27:59.865 [main] INFO  o.s.boot.web.embedded.tomcat.TomcatWebServer - Tomcat started on port(s): 9900 (http) with context path ''
2019-05-22 16:27:59.867 [main] INFO  com.ufi.pdioms.resource.ResourceApplication - Started ResourceApplication in 10.347 seconds (JVM running for 11.575)
2019-05-22 16:28:42.603 [main] INFO  com.ufi.pdioms.resource.ResourceApplication - Starting ResourceApplication on DESKTOP-G6Q6BPH with PID 6536 (G:\WorkTest\pdioms_resource_rest\target\classes started by 18933 in G:\WorkTest\pdioms_resource_rest)
2019-05-22 16:28:42.606 [main] INFO  com.ufi.pdioms.resource.ResourceApplication - No active profile set, falling back to default profiles: default
2019-05-22 16:28:43.360 [main] INFO  o.s.d.r.config.RepositoryConfigurationDelegate - Multiple Spring Data modules found, entering strict repository configuration mode!
2019-05-22 16:28:43.363 [main] INFO  o.s.d.r.config.RepositoryConfigurationDelegate - Bootstrapping Spring Data repositories in DEFAULT mode.
2019-05-22 16:28:43.398 [main] INFO  o.s.d.r.config.RepositoryConfigurationDelegate - Finished Spring Data repository scanning in 21ms. Found 0 repository interfaces.
2019-05-22 16:28:43.610 [main] INFO  o.s.c.s.PostProcessorRegistrationDelegate$BeanPostProcessorChecker - Bean 'org.springframework.transaction.annotation.ProxyTransactionManagementConfiguration' of type [org.springframework.transaction.annotation.ProxyTransactionManagementConfiguration$$EnhancerBySpringCGLIB$$134419f5] is not eligible for getting processed by all BeanPostProcessors (for example: not eligible for auto-proxying)
2019-05-22 16:28:43.790 [main] INFO  o.s.boot.web.embedded.tomcat.TomcatWebServer - Tomcat initialized with port(s): 9900 (http)
2019-05-22 16:28:43.801 [main] INFO  org.apache.coyote.http11.Http11NioProtocol - Initializing ProtocolHandler ["http-nio-9900"]
2019-05-22 16:28:43.810 [main] INFO  org.apache.catalina.core.StandardService - Starting service [Tomcat]
2019-05-22 16:28:43.810 [main] INFO  org.apache.catalina.core.StandardEngine - Starting Servlet engine: [Apache Tomcat/9.0.19]
2019-05-22 16:28:43.815 [main] INFO  org.apache.catalina.core.AprLifecycleListener - Loaded APR based Apache Tomcat Native library [1.2.21] using APR version [1.6.5].
2019-05-22 16:28:43.815 [main] INFO  org.apache.catalina.core.AprLifecycleListener - APR capabilities: IPv6 [true], sendfile [true], accept filters [false], random [true].
2019-05-22 16:28:43.815 [main] INFO  org.apache.catalina.core.AprLifecycleListener - APR/OpenSSL configuration: useAprConnector [false], useOpenSSL [true]
2019-05-22 16:28:43.818 [main] INFO  org.apache.catalina.core.AprLifecycleListener - OpenSSL successfully initialized [OpenSSL 1.1.1a  20 Nov 2018]
2019-05-22 16:28:43.983 [main] INFO  o.a.c.core.ContainerBase.[Tomcat].[localhost].[/] - Initializing Spring embedded WebApplicationContext
2019-05-22 16:28:43.983 [main] INFO  org.springframework.web.context.ContextLoader - Root WebApplicationContext: initialization completed in 1167 ms
2019-05-22 16:28:44.429 [main] INFO  o.s.scheduling.concurrent.ThreadPoolTaskExecutor - Initializing ExecutorService 'applicationTaskExecutor'
2019-05-22 16:28:44.666 [main] INFO  t.mybatis.mapper.autoconfigure.MapperCacheDisabler - Clear tk.mybatis.mapper.util.MsUtil CLASS_CACHE cache.
2019-05-22 16:28:44.667 [main] INFO  t.mybatis.mapper.autoconfigure.MapperCacheDisabler - Clear tk.mybatis.mapper.genid.GenIdUtil CACHE cache.
2019-05-22 16:28:44.667 [main] INFO  t.mybatis.mapper.autoconfigure.MapperCacheDisabler - Clear tk.mybatis.mapper.version.VersionUtil CACHE cache.
2019-05-22 16:28:44.667 [main] INFO  t.mybatis.mapper.autoconfigure.MapperCacheDisabler - Clear EntityHelper entityTableMap cache.
2019-05-22 16:28:44.818 [main] INFO  org.apache.coyote.http11.Http11NioProtocol - Starting ProtocolHandler ["http-nio-9900"]
2019-05-22 16:28:44.835 [main] INFO  o.s.boot.web.embedded.tomcat.TomcatWebServer - Tomcat started on port(s): 9900 (http) with context path ''
2019-05-22 16:28:44.838 [main] INFO  com.ufi.pdioms.resource.ResourceApplication - Started ResourceApplication in 2.617 seconds (JVM running for 3.322)
2019-05-22 16:30:51.822 [http-nio-9900-exec-1] INFO  o.a.c.core.ContainerBase.[Tomcat].[localhost].[/] - Initializing Spring DispatcherServlet 'dispatcherServlet'
2019-05-22 16:30:51.822 [http-nio-9900-exec-1] INFO  org.springframework.web.servlet.DispatcherServlet - Initializing Servlet 'dispatcherServlet'
2019-05-22 16:30:51.827 [http-nio-9900-exec-1] INFO  org.springframework.web.servlet.DispatcherServlet - Completed initialization in 5 ms
2019-05-22 16:31:31.786 [http-nio-9900-exec-5] INFO  com.zaxxer.hikari.HikariDataSource - HikariPool-1 - Starting...
2019-05-22 16:31:31.949 [http-nio-9900-exec-5] INFO  com.zaxxer.hikari.HikariDataSource - HikariPool-1 - Start completed.
2019-05-22 16:47:18.469 [main] INFO  com.ufi.pdioms.resource.ResourceApplication - Starting ResourceApplication on DESKTOP-G6Q6BPH with PID 19712 (G:\WorkTest\pdioms_resource_rest\target\classes started by 18933 in G:\WorkTest\pdioms_resource_rest)
2019-05-22 16:47:18.471 [main] INFO  com.ufi.pdioms.resource.ResourceApplication - No active profile set, falling back to default profiles: default
2019-05-22 16:47:19.191 [main] INFO  o.s.d.r.config.RepositoryConfigurationDelegate - Multiple Spring Data modules found, entering strict repository configuration mode!
2019-05-22 16:47:19.193 [main] INFO  o.s.d.r.config.RepositoryConfigurationDelegate - Bootstrapping Spring Data repositories in DEFAULT mode.
2019-05-22 16:47:19.222 [main] INFO  o.s.d.r.config.RepositoryConfigurationDelegate - Finished Spring Data repository scanning in 18ms. Found 0 repository interfaces.
2019-05-22 16:47:19.448 [main] INFO  o.s.c.s.PostProcessorRegistrationDelegate$BeanPostProcessorChecker - Bean 'org.springframework.transaction.annotation.ProxyTransactionManagementConfiguration' of type [org.springframework.transaction.annotation.ProxyTransactionManagementConfiguration$$EnhancerBySpringCGLIB$$60530746] is not eligible for getting processed by all BeanPostProcessors (for example: not eligible for auto-proxying)
2019-05-22 16:47:19.631 [main] INFO  o.s.boot.web.embedded.tomcat.TomcatWebServer - Tomcat initialized with port(s): 9900 (http)
2019-05-22 16:47:19.642 [main] INFO  org.apache.coyote.http11.Http11NioProtocol - Initializing ProtocolHandler ["http-nio-9900"]
2019-05-22 16:47:19.650 [main] INFO  org.apache.catalina.core.StandardService - Starting service [Tomcat]
2019-05-22 16:47:19.650 [main] INFO  org.apache.catalina.core.StandardEngine - Starting Servlet engine: [Apache Tomcat/9.0.19]
2019-05-22 16:47:19.655 [main] INFO  org.apache.catalina.core.AprLifecycleListener - Loaded APR based Apache Tomcat Native library [1.2.21] using APR version [1.6.5].
2019-05-22 16:47:19.655 [main] INFO  org.apache.catalina.core.AprLifecycleListener - APR capabilities: IPv6 [true], sendfile [true], accept filters [false], random [true].
2019-05-22 16:47:19.655 [main] INFO  org.apache.catalina.core.AprLifecycleListener - APR/OpenSSL configuration: useAprConnector [false], useOpenSSL [true]
2019-05-22 16:47:19.658 [main] INFO  org.apache.catalina.core.AprLifecycleListener - OpenSSL successfully initialized [OpenSSL 1.1.1a  20 Nov 2018]
2019-05-22 16:47:19.821 [main] INFO  o.a.c.core.ContainerBase.[Tomcat].[localhost].[/] - Initializing Spring embedded WebApplicationContext
2019-05-22 16:47:19.821 [main] INFO  org.springframework.web.context.ContextLoader - Root WebApplicationContext: initialization completed in 1123 ms
2019-05-22 16:47:20.287 [main] INFO  o.s.scheduling.concurrent.ThreadPoolTaskExecutor - Initializing ExecutorService 'applicationTaskExecutor'
2019-05-22 16:47:20.547 [main] INFO  t.mybatis.mapper.autoconfigure.MapperCacheDisabler - Clear tk.mybatis.mapper.util.MsUtil CLASS_CACHE cache.
2019-05-22 16:47:20.548 [main] INFO  t.mybatis.mapper.autoconfigure.MapperCacheDisabler - Clear tk.mybatis.mapper.genid.GenIdUtil CACHE cache.
2019-05-22 16:47:20.548 [main] INFO  t.mybatis.mapper.autoconfigure.MapperCacheDisabler - Clear tk.mybatis.mapper.version.VersionUtil CACHE cache.
2019-05-22 16:47:20.548 [main] INFO  t.mybatis.mapper.autoconfigure.MapperCacheDisabler - Clear EntityHelper entityTableMap cache.
2019-05-22 16:47:20.707 [main] INFO  org.apache.coyote.http11.Http11NioProtocol - Starting ProtocolHandler ["http-nio-9900"]
2019-05-22 16:47:20.726 [main] INFO  o.s.boot.web.embedded.tomcat.TomcatWebServer - Tomcat started on port(s): 9900 (http) with context path ''
2019-05-22 16:47:20.729 [main] INFO  com.ufi.pdioms.resource.ResourceApplication - Started ResourceApplication in 2.601 seconds (JVM running for 3.335)
2019-05-22 16:47:25.230 [http-nio-9900-exec-2] INFO  o.a.c.core.ContainerBase.[Tomcat].[localhost].[/] - Initializing Spring DispatcherServlet 'dispatcherServlet'
2019-05-22 16:47:25.230 [http-nio-9900-exec-2] INFO  org.springframework.web.servlet.DispatcherServlet - Initializing Servlet 'dispatcherServlet'
2019-05-22 16:47:25.235 [http-nio-9900-exec-2] INFO  org.springframework.web.servlet.DispatcherServlet - Completed initialization in 5 ms
2019-05-22 16:48:09.775 [main] INFO  com.ufi.pdioms.resource.ResourceApplication - Starting ResourceApplication on DESKTOP-G6Q6BPH with PID 19992 (G:\WorkTest\pdioms_resource_rest\target\classes started by 18933 in G:\WorkTest\pdioms_resource_rest)
2019-05-22 16:48:09.777 [main] INFO  com.ufi.pdioms.resource.ResourceApplication - No active profile set, falling back to default profiles: default
2019-05-22 16:48:10.387 [main] INFO  o.s.d.r.config.RepositoryConfigurationDelegate - Multiple Spring Data modules found, entering strict repository configuration mode!
2019-05-22 16:48:10.388 [main] INFO  o.s.d.r.config.RepositoryConfigurationDelegate - Bootstrapping Spring Data repositories in DEFAULT mode.
2019-05-22 16:48:10.416 [main] INFO  o.s.d.r.config.RepositoryConfigurationDelegate - Finished Spring Data repository scanning in 18ms. Found 0 repository interfaces.
2019-05-22 16:48:10.626 [main] INFO  o.s.c.s.PostProcessorRegistrationDelegate$BeanPostProcessorChecker - Bean 'org.springframework.transaction.annotation.ProxyTransactionManagementConfiguration' of type [org.springframework.transaction.annotation.ProxyTransactionManagementConfiguration$$EnhancerBySpringCGLIB$$4f8f580e] is not eligible for getting processed by all BeanPostProcessors (for example: not eligible for auto-proxying)
2019-05-22 16:48:10.808 [main] INFO  o.s.boot.web.embedded.tomcat.TomcatWebServer - Tomcat initialized with port(s): 9900 (http)
2019-05-22 16:48:10.819 [main] INFO  org.apache.coyote.http11.Http11NioProtocol - Initializing ProtocolHandler ["http-nio-9900"]
2019-05-22 16:48:10.828 [main] INFO  org.apache.catalina.core.StandardService - Starting service [Tomcat]
2019-05-22 16:48:10.828 [main] INFO  org.apache.catalina.core.StandardEngine - Starting Servlet engine: [Apache Tomcat/9.0.19]
2019-05-22 16:48:10.834 [main] INFO  org.apache.catalina.core.AprLifecycleListener - Loaded APR based Apache Tomcat Native library [1.2.21] using APR version [1.6.5].
2019-05-22 16:48:10.834 [main] INFO  org.apache.catalina.core.AprLifecycleListener - APR capabilities: IPv6 [true], sendfile [true], accept filters [false], random [true].
2019-05-22 16:48:10.834 [main] INFO  org.apache.catalina.core.AprLifecycleListener - APR/OpenSSL configuration: useAprConnector [false], useOpenSSL [true]
2019-05-22 16:48:10.837 [main] INFO  org.apache.catalina.core.AprLifecycleListener - OpenSSL successfully initialized [OpenSSL 1.1.1a  20 Nov 2018]
2019-05-22 16:48:11.018 [main] INFO  o.a.c.core.ContainerBase.[Tomcat].[localhost].[/] - Initializing Spring embedded WebApplicationContext
2019-05-22 16:48:11.018 [main] INFO  org.springframework.web.context.ContextLoader - Root WebApplicationContext: initialization completed in 1076 ms
2019-05-22 16:48:11.536 [main] INFO  o.s.scheduling.concurrent.ThreadPoolTaskExecutor - Initializing ExecutorService 'applicationTaskExecutor'
2019-05-22 16:48:11.785 [main] INFO  t.mybatis.mapper.autoconfigure.MapperCacheDisabler - Clear tk.mybatis.mapper.util.MsUtil CLASS_CACHE cache.
2019-05-22 16:48:11.785 [main] INFO  t.mybatis.mapper.autoconfigure.MapperCacheDisabler - Clear tk.mybatis.mapper.genid.GenIdUtil CACHE cache.
2019-05-22 16:48:11.786 [main] INFO  t.mybatis.mapper.autoconfigure.MapperCacheDisabler - Clear tk.mybatis.mapper.version.VersionUtil CACHE cache.
2019-05-22 16:48:11.786 [main] INFO  t.mybatis.mapper.autoconfigure.MapperCacheDisabler - Clear EntityHelper entityTableMap cache.
2019-05-22 16:48:11.945 [main] INFO  org.apache.coyote.http11.Http11NioProtocol - Starting ProtocolHandler ["http-nio-9900"]
2019-05-22 16:48:11.962 [main] INFO  o.s.boot.web.embedded.tomcat.TomcatWebServer - Tomcat started on port(s): 9900 (http) with context path ''
2019-05-22 16:48:11.965 [main] INFO  com.ufi.pdioms.resource.ResourceApplication - Started ResourceApplication in 2.518 seconds (JVM running for 3.276)
2019-05-22 16:48:15.221 [http-nio-9900-exec-2] INFO  o.a.c.core.ContainerBase.[Tomcat].[localhost].[/] - Initializing Spring DispatcherServlet 'dispatcherServlet'
2019-05-22 16:48:15.222 [http-nio-9900-exec-2] INFO  org.springframework.web.servlet.DispatcherServlet - Initializing Servlet 'dispatcherServlet'
2019-05-22 16:48:15.226 [http-nio-9900-exec-2] INFO  org.springframework.web.servlet.DispatcherServlet - Completed initialization in 4 ms
2019-05-22 16:50:08.808 [main] INFO  com.ufi.pdioms.resource.ResourceApplication - Starting ResourceApplication on DESKTOP-G6Q6BPH with PID 22316 (G:\WorkTest\pdioms_resource_rest\target\classes started by 18933 in G:\WorkTest\pdioms_resource_rest)
2019-05-22 16:50:08.810 [main] INFO  com.ufi.pdioms.resource.ResourceApplication - No active profile set, falling back to default profiles: default
2019-05-22 16:50:09.546 [main] INFO  o.s.d.r.config.RepositoryConfigurationDelegate - Multiple Spring Data modules found, entering strict repository configuration mode!
2019-05-22 16:50:09.548 [main] INFO  o.s.d.r.config.RepositoryConfigurationDelegate - Bootstrapping Spring Data repositories in DEFAULT mode.
2019-05-22 16:50:09.576 [main] INFO  o.s.d.r.config.RepositoryConfigurationDelegate - Finished Spring Data repository scanning in 18ms. Found 0 repository interfaces.
2019-05-22 16:50:09.792 [main] INFO  o.s.c.s.PostProcessorRegistrationDelegate$BeanPostProcessorChecker - Bean 'org.springframework.transaction.annotation.ProxyTransactionManagementConfiguration' of type [org.springframework.transaction.annotation.ProxyTransactionManagementConfiguration$$EnhancerBySpringCGLIB$$4d751d4f] is not eligible for getting processed by all BeanPostProcessors (for example: not eligible for auto-proxying)
2019-05-22 16:50:09.990 [main] INFO  o.s.boot.web.embedded.tomcat.TomcatWebServer - Tomcat initialized with port(s): 9900 (http)
2019-05-22 16:50:10.002 [main] INFO  org.apache.coyote.http11.Http11NioProtocol - Initializing ProtocolHandler ["http-nio-9900"]
2019-05-22 16:50:10.011 [main] INFO  org.apache.catalina.core.StandardService - Starting service [Tomcat]
2019-05-22 16:50:10.011 [main] INFO  org.apache.catalina.core.StandardEngine - Starting Servlet engine: [Apache Tomcat/9.0.19]
2019-05-22 16:50:10.016 [main] INFO  org.apache.catalina.core.AprLifecycleListener - Loaded APR based Apache Tomcat Native library [1.2.21] using APR version [1.6.5].
2019-05-22 16:50:10.016 [main] INFO  org.apache.catalina.core.AprLifecycleListener - APR capabilities: IPv6 [true], sendfile [true], accept filters [false], random [true].
2019-05-22 16:50:10.016 [main] INFO  org.apache.catalina.core.AprLifecycleListener - APR/OpenSSL configuration: useAprConnector [false], useOpenSSL [true]
2019-05-22 16:50:10.019 [main] INFO  org.apache.catalina.core.AprLifecycleListener - OpenSSL successfully initialized [OpenSSL 1.1.1a  20 Nov 2018]
2019-05-22 16:50:10.117 [main] INFO  o.a.c.core.ContainerBase.[Tomcat].[localhost].[/] - Initializing Spring embedded WebApplicationContext
2019-05-22 16:50:10.117 [main] INFO  org.springframework.web.context.ContextLoader - Root WebApplicationContext: initialization completed in 1088 ms
2019-05-22 16:50:10.603 [main] INFO  o.s.scheduling.concurrent.ThreadPoolTaskExecutor - Initializing ExecutorService 'applicationTaskExecutor'
2019-05-22 16:50:10.856 [main] INFO  t.mybatis.mapper.autoconfigure.MapperCacheDisabler - Clear tk.mybatis.mapper.util.MsUtil CLASS_CACHE cache.
2019-05-22 16:50:10.856 [main] INFO  t.mybatis.mapper.autoconfigure.MapperCacheDisabler - Clear tk.mybatis.mapper.genid.GenIdUtil CACHE cache.
2019-05-22 16:50:10.857 [main] INFO  t.mybatis.mapper.autoconfigure.MapperCacheDisabler - Clear tk.mybatis.mapper.version.VersionUtil CACHE cache.
2019-05-22 16:50:10.857 [main] INFO  t.mybatis.mapper.autoconfigure.MapperCacheDisabler - Clear EntityHelper entityTableMap cache.
2019-05-22 16:50:11.048 [main] INFO  org.apache.coyote.http11.Http11NioProtocol - Starting ProtocolHandler ["http-nio-9900"]
2019-05-22 16:50:11.066 [main] INFO  o.s.boot.web.embedded.tomcat.TomcatWebServer - Tomcat started on port(s): 9900 (http) with context path ''
2019-05-22 16:50:11.070 [main] INFO  com.ufi.pdioms.resource.ResourceApplication - Started ResourceApplication in 2.613 seconds (JVM running for 3.343)
2019-05-22 16:50:14.021 [http-nio-9900-exec-3] INFO  o.a.c.core.ContainerBase.[Tomcat].[localhost].[/] - Initializing Spring DispatcherServlet 'dispatcherServlet'
2019-05-22 16:50:14.022 [http-nio-9900-exec-3] INFO  org.springframework.web.servlet.DispatcherServlet - Initializing Servlet 'dispatcherServlet'
2019-05-22 16:50:14.030 [http-nio-9900-exec-3] INFO  org.springframework.web.servlet.DispatcherServlet - Completed initialization in 7 ms
2019-05-22 16:50:14.089 [http-nio-9900-exec-3] INFO  com.zaxxer.hikari.HikariDataSource - HikariPool-1 - Starting...
2019-05-22 16:50:14.188 [http-nio-9900-exec-3] INFO  com.zaxxer.hikari.HikariDataSource - HikariPool-1 - Start completed.
2019-05-22 16:53:18.023 [http-nio-9900-exec-7] INFO  c.u.p.resource.manufacturer.rest.ManufacturerRest - new Manufacturer info param:{"id":null,"manufacturer":"UFI信息工厂有限公司","remarks":"我是一只飞飞，我是一只小狗狗","isDelete":0}
2019-05-22 17:16:13.964 [main] INFO  com.ufi.pdioms.resource.ResourceApplication - Starting ResourceApplication on DESKTOP-G6Q6BPH with PID 9536 (G:\WorkTest\pdioms_resource_rest\target\classes started by 18933 in G:\WorkTest\pdioms_resource_rest)
2019-05-22 17:16:13.968 [main] INFO  com.ufi.pdioms.resource.ResourceApplication - No active profile set, falling back to default profiles: default
2019-05-22 17:16:14.694 [main] INFO  o.s.d.r.config.RepositoryConfigurationDelegate - Multiple Spring Data modules found, entering strict repository configuration mode!
2019-05-22 17:16:14.696 [main] INFO  o.s.d.r.config.RepositoryConfigurationDelegate - Bootstrapping Spring Data repositories in DEFAULT mode.
2019-05-22 17:16:14.724 [main] INFO  o.s.d.r.config.RepositoryConfigurationDelegate - Finished Spring Data repository scanning in 18ms. Found 0 repository interfaces.
2019-05-22 17:16:14.936 [main] INFO  o.s.c.s.PostProcessorRegistrationDelegate$BeanPostProcessorChecker - Bean 'org.springframework.transaction.annotation.ProxyTransactionManagementConfiguration' of type [org.springframework.transaction.annotation.ProxyTransactionManagementConfiguration$$EnhancerBySpringCGLIB$$28cfbdfe] is not eligible for getting processed by all BeanPostProcessors (for example: not eligible for auto-proxying)
2019-05-22 17:16:15.114 [main] INFO  o.s.boot.web.embedded.tomcat.TomcatWebServer - Tomcat initialized with port(s): 9900 (http)
2019-05-22 17:16:15.125 [main] INFO  org.apache.coyote.http11.Http11NioProtocol - Initializing ProtocolHandler ["http-nio-9900"]
2019-05-22 17:16:15.134 [main] INFO  org.apache.catalina.core.StandardService - Starting service [Tomcat]
2019-05-22 17:16:15.135 [main] INFO  org.apache.catalina.core.StandardEngine - Starting Servlet engine: [Apache Tomcat/9.0.19]
2019-05-22 17:16:15.139 [main] INFO  org.apache.catalina.core.AprLifecycleListener - Loaded APR based Apache Tomcat Native library [1.2.21] using APR version [1.6.5].
2019-05-22 17:16:15.139 [main] INFO  org.apache.catalina.core.AprLifecycleListener - APR capabilities: IPv6 [true], sendfile [true], accept filters [false], random [true].
2019-05-22 17:16:15.140 [main] INFO  org.apache.catalina.core.AprLifecycleListener - APR/OpenSSL configuration: useAprConnector [false], useOpenSSL [true]
2019-05-22 17:16:15.142 [main] INFO  org.apache.catalina.core.AprLifecycleListener - OpenSSL successfully initialized [OpenSSL 1.1.1a  20 Nov 2018]
2019-05-22 17:16:15.308 [main] INFO  o.a.c.core.ContainerBase.[Tomcat].[localhost].[/] - Initializing Spring embedded WebApplicationContext
2019-05-22 17:16:15.308 [main] INFO  org.springframework.web.context.ContextLoader - Root WebApplicationContext: initialization completed in 1086 ms
2019-05-22 17:16:15.755 [main] INFO  o.s.scheduling.concurrent.ThreadPoolTaskExecutor - Initializing ExecutorService 'applicationTaskExecutor'
2019-05-22 17:16:15.988 [main] INFO  t.mybatis.mapper.autoconfigure.MapperCacheDisabler - Clear tk.mybatis.mapper.util.MsUtil CLASS_CACHE cache.
2019-05-22 17:16:15.988 [main] INFO  t.mybatis.mapper.autoconfigure.MapperCacheDisabler - Clear tk.mybatis.mapper.genid.GenIdUtil CACHE cache.
2019-05-22 17:16:15.989 [main] INFO  t.mybatis.mapper.autoconfigure.MapperCacheDisabler - Clear tk.mybatis.mapper.version.VersionUtil CACHE cache.
2019-05-22 17:16:15.989 [main] INFO  t.mybatis.mapper.autoconfigure.MapperCacheDisabler - Clear EntityHelper entityTableMap cache.
2019-05-22 17:16:16.153 [main] INFO  org.apache.coyote.http11.Http11NioProtocol - Starting ProtocolHandler ["http-nio-9900"]
2019-05-22 17:16:16.170 [main] INFO  o.s.boot.web.embedded.tomcat.TomcatWebServer - Tomcat started on port(s): 9900 (http) with context path ''
2019-05-22 17:16:16.173 [main] INFO  com.ufi.pdioms.resource.ResourceApplication - Started ResourceApplication in 2.583 seconds (JVM running for 3.332)
2019-05-22 17:17:00.366 [http-nio-9900-exec-4] INFO  o.a.c.core.ContainerBase.[Tomcat].[localhost].[/] - Initializing Spring DispatcherServlet 'dispatcherServlet'
2019-05-22 17:17:00.367 [http-nio-9900-exec-4] INFO  org.springframework.web.servlet.DispatcherServlet - Initializing Servlet 'dispatcherServlet'
2019-05-22 17:17:00.372 [http-nio-9900-exec-4] INFO  org.springframework.web.servlet.DispatcherServlet - Completed initialization in 5 ms
2019-05-22 17:17:00.468 [http-nio-9900-exec-4] INFO  c.u.p.resource.manufacturer.rest.ManufacturerRest - new Manufacturer info param:{"id":null,"manufacturer":"UFI云科技工厂有限公司","remarks":"我是一只小花花，我是一只小聪聪","isDelete":0}
2019-05-22 17:17:00.513 [http-nio-9900-exec-4] INFO  com.zaxxer.hikari.HikariDataSource - HikariPool-1 - Starting...
2019-05-22 17:17:00.594 [http-nio-9900-exec-4] INFO  com.zaxxer.hikari.HikariDataSource - HikariPool-1 - Start completed.
2019-05-22 17:19:54.844 [main] INFO  com.ufi.pdioms.resource.ResourceApplication - Starting ResourceApplication on DESKTOP-G6Q6BPH with PID 18072 (G:\WorkTest\pdioms_resource_rest\target\classes started by 18933 in G:\WorkTest\pdioms_resource_rest)
2019-05-22 17:19:54.848 [main] INFO  com.ufi.pdioms.resource.ResourceApplication - No active profile set, falling back to default profiles: default
2019-05-22 17:19:55.572 [main] INFO  o.s.d.r.config.RepositoryConfigurationDelegate - Multiple Spring Data modules found, entering strict repository configuration mode!
2019-05-22 17:19:55.573 [main] INFO  o.s.d.r.config.RepositoryConfigurationDelegate - Bootstrapping Spring Data repositories in DEFAULT mode.
2019-05-22 17:19:55.602 [main] INFO  o.s.d.r.config.RepositoryConfigurationDelegate - Finished Spring Data repository scanning in 18ms. Found 0 repository interfaces.
2019-05-22 17:19:55.810 [main] INFO  o.s.c.s.PostProcessorRegistrationDelegate$BeanPostProcessorChecker - Bean 'org.springframework.transaction.annotation.ProxyTransactionManagementConfiguration' of type [org.springframework.transaction.annotation.ProxyTransactionManagementConfiguration$$EnhancerBySpringCGLIB$$5e927de] is not eligible for getting processed by all BeanPostProcessors (for example: not eligible for auto-proxying)
2019-05-22 17:19:55.986 [main] INFO  o.s.boot.web.embedded.tomcat.TomcatWebServer - Tomcat initialized with port(s): 9900 (http)
2019-05-22 17:19:55.997 [main] INFO  org.apache.coyote.http11.Http11NioProtocol - Initializing ProtocolHandler ["http-nio-9900"]
2019-05-22 17:19:56.005 [main] INFO  org.apache.catalina.core.StandardService - Starting service [Tomcat]
2019-05-22 17:19:56.006 [main] INFO  org.apache.catalina.core.StandardEngine - Starting Servlet engine: [Apache Tomcat/9.0.19]
2019-05-22 17:19:56.010 [main] INFO  org.apache.catalina.core.AprLifecycleListener - Loaded APR based Apache Tomcat Native library [1.2.21] using APR version [1.6.5].
2019-05-22 17:19:56.010 [main] INFO  org.apache.catalina.core.AprLifecycleListener - APR capabilities: IPv6 [true], sendfile [true], accept filters [false], random [true].
2019-05-22 17:19:56.010 [main] INFO  org.apache.catalina.core.AprLifecycleListener - APR/OpenSSL configuration: useAprConnector [false], useOpenSSL [true]
2019-05-22 17:19:56.013 [main] INFO  org.apache.catalina.core.AprLifecycleListener - OpenSSL successfully initialized [OpenSSL 1.1.1a  20 Nov 2018]
2019-05-22 17:19:56.173 [main] INFO  o.a.c.core.ContainerBase.[Tomcat].[localhost].[/] - Initializing Spring embedded WebApplicationContext
2019-05-22 17:19:56.173 [main] INFO  org.springframework.web.context.ContextLoader - Root WebApplicationContext: initialization completed in 1107 ms
2019-05-22 17:19:56.625 [main] INFO  o.s.scheduling.concurrent.ThreadPoolTaskExecutor - Initializing ExecutorService 'applicationTaskExecutor'
2019-05-22 17:19:56.852 [main] INFO  t.mybatis.mapper.autoconfigure.MapperCacheDisabler - Clear tk.mybatis.mapper.util.MsUtil CLASS_CACHE cache.
2019-05-22 17:19:56.852 [main] INFO  t.mybatis.mapper.autoconfigure.MapperCacheDisabler - Clear tk.mybatis.mapper.genid.GenIdUtil CACHE cache.
2019-05-22 17:19:56.853 [main] INFO  t.mybatis.mapper.autoconfigure.MapperCacheDisabler - Clear tk.mybatis.mapper.version.VersionUtil CACHE cache.
2019-05-22 17:19:56.853 [main] INFO  t.mybatis.mapper.autoconfigure.MapperCacheDisabler - Clear EntityHelper entityTableMap cache.
2019-05-22 17:19:57.006 [main] INFO  org.apache.coyote.http11.Http11NioProtocol - Starting ProtocolHandler ["http-nio-9900"]
2019-05-22 17:19:57.023 [main] INFO  o.s.boot.web.embedded.tomcat.TomcatWebServer - Tomcat started on port(s): 9900 (http) with context path ''
2019-05-22 17:19:57.025 [main] INFO  com.ufi.pdioms.resource.ResourceApplication - Started ResourceApplication in 2.505 seconds (JVM running for 3.221)
2019-05-22 17:20:15.438 [http-nio-9900-exec-2] INFO  o.a.c.core.ContainerBase.[Tomcat].[localhost].[/] - Initializing Spring DispatcherServlet 'dispatcherServlet'
2019-05-22 17:20:15.438 [http-nio-9900-exec-2] INFO  org.springframework.web.servlet.DispatcherServlet - Initializing Servlet 'dispatcherServlet'
2019-05-22 17:20:15.444 [http-nio-9900-exec-2] INFO  org.springframework.web.servlet.DispatcherServlet - Completed initialization in 6 ms
2019-05-22 17:20:15.556 [http-nio-9900-exec-2] INFO  c.u.p.resource.manufacturer.rest.ManufacturerRest - new Manufacturer info param:{"id":null,"manufacturer":"UFI云科技工厂有限公司","remarks":"我是一只小花花，我是一只小聪聪","isDelete":0}
2019-05-22 17:20:15.610 [http-nio-9900-exec-2] INFO  com.zaxxer.hikari.HikariDataSource - HikariPool-1 - Starting...
2019-05-22 17:20:15.709 [http-nio-9900-exec-2] INFO  com.zaxxer.hikari.HikariDataSource - HikariPool-1 - Start completed.
2019-05-22 17:24:12.077 [main] INFO  com.ufi.pdioms.resource.ResourceApplication - Starting ResourceApplication on DESKTOP-G6Q6BPH with PID 18984 (G:\WorkTest\pdioms_resource_rest\target\classes started by 18933 in G:\WorkTest\pdioms_resource_rest)
2019-05-22 17:24:12.080 [main] INFO  com.ufi.pdioms.resource.ResourceApplication - No active profile set, falling back to default profiles: default
2019-05-22 17:24:12.792 [main] INFO  o.s.d.r.config.RepositoryConfigurationDelegate - Multiple Spring Data modules found, entering strict repository configuration mode!
2019-05-22 17:24:12.794 [main] INFO  o.s.d.r.config.RepositoryConfigurationDelegate - Bootstrapping Spring Data repositories in DEFAULT mode.
2019-05-22 17:24:12.826 [main] INFO  o.s.d.r.config.RepositoryConfigurationDelegate - Finished Spring Data repository scanning in 20ms. Found 0 repository interfaces.
2019-05-22 17:24:13.039 [main] INFO  o.s.c.s.PostProcessorRegistrationDelegate$BeanPostProcessorChecker - Bean 'org.springframework.transaction.annotation.ProxyTransactionManagementConfiguration' of type [org.springframework.transaction.annotation.ProxyTransactionManagementConfiguration$$EnhancerBySpringCGLIB$$20c99aa7] is not eligible for getting processed by all BeanPostProcessors (for example: not eligible for auto-proxying)
2019-05-22 17:24:13.218 [main] INFO  o.s.boot.web.embedded.tomcat.TomcatWebServer - Tomcat initialized with port(s): 9900 (http)
2019-05-22 17:24:13.228 [main] INFO  org.apache.coyote.http11.Http11NioProtocol - Initializing ProtocolHandler ["http-nio-9900"]
2019-05-22 17:24:13.238 [main] INFO  org.apache.catalina.core.StandardService - Starting service [Tomcat]
2019-05-22 17:24:13.238 [main] INFO  org.apache.catalina.core.StandardEngine - Starting Servlet engine: [Apache Tomcat/9.0.19]
2019-05-22 17:24:13.243 [main] INFO  org.apache.catalina.core.AprLifecycleListener - Loaded APR based Apache Tomcat Native library [1.2.21] using APR version [1.6.5].
2019-05-22 17:24:13.243 [main] INFO  org.apache.catalina.core.AprLifecycleListener - APR capabilities: IPv6 [true], sendfile [true], accept filters [false], random [true].
2019-05-22 17:24:13.243 [main] INFO  org.apache.catalina.core.AprLifecycleListener - APR/OpenSSL configuration: useAprConnector [false], useOpenSSL [true]
2019-05-22 17:24:13.245 [main] INFO  org.apache.catalina.core.AprLifecycleListener - OpenSSL successfully initialized [OpenSSL 1.1.1a  20 Nov 2018]
2019-05-22 17:24:13.397 [main] INFO  o.a.c.core.ContainerBase.[Tomcat].[localhost].[/] - Initializing Spring embedded WebApplicationContext
2019-05-22 17:24:13.398 [main] INFO  org.springframework.web.context.ContextLoader - Root WebApplicationContext: initialization completed in 1101 ms
2019-05-22 17:24:13.928 [main] INFO  o.s.scheduling.concurrent.ThreadPoolTaskExecutor - Initializing ExecutorService 'applicationTaskExecutor'
2019-05-22 17:24:14.161 [main] INFO  t.mybatis.mapper.autoconfigure.MapperCacheDisabler - Clear tk.mybatis.mapper.util.MsUtil CLASS_CACHE cache.
2019-05-22 17:24:14.161 [main] INFO  t.mybatis.mapper.autoconfigure.MapperCacheDisabler - Clear tk.mybatis.mapper.genid.GenIdUtil CACHE cache.
2019-05-22 17:24:14.162 [main] INFO  t.mybatis.mapper.autoconfigure.MapperCacheDisabler - Clear tk.mybatis.mapper.version.VersionUtil CACHE cache.
2019-05-22 17:24:14.162 [main] INFO  t.mybatis.mapper.autoconfigure.MapperCacheDisabler - Clear EntityHelper entityTableMap cache.
2019-05-22 17:24:14.315 [main] INFO  org.apache.coyote.http11.Http11NioProtocol - Starting ProtocolHandler ["http-nio-9900"]
2019-05-22 17:24:14.332 [main] INFO  o.s.boot.web.embedded.tomcat.TomcatWebServer - Tomcat started on port(s): 9900 (http) with context path ''
2019-05-22 17:24:14.334 [main] INFO  com.ufi.pdioms.resource.ResourceApplication - Started ResourceApplication in 2.6 seconds (JVM running for 3.296)
2019-05-22 17:24:18.833 [http-nio-9900-exec-1] INFO  o.a.c.core.ContainerBase.[Tomcat].[localhost].[/] - Initializing Spring DispatcherServlet 'dispatcherServlet'
2019-05-22 17:24:18.833 [http-nio-9900-exec-1] INFO  org.springframework.web.servlet.DispatcherServlet - Initializing Servlet 'dispatcherServlet'
2019-05-22 17:24:18.838 [http-nio-9900-exec-1] INFO  org.springframework.web.servlet.DispatcherServlet - Completed initialization in 5 ms
2019-05-22 17:24:18.948 [http-nio-9900-exec-1] INFO  c.u.p.resource.manufacturer.rest.ManufacturerRest - new Manufacturer info param:{"id":null,"manufacturer":"UFI云科技工厂有限公司","remarks":"我是一只小花花，我是一只小聪聪","isDelete":0}
2019-05-22 17:24:18.990 [http-nio-9900-exec-1] INFO  com.zaxxer.hikari.HikariDataSource - HikariPool-1 - Starting...
2019-05-22 17:24:19.126 [http-nio-9900-exec-1] INFO  com.zaxxer.hikari.HikariDataSource - HikariPool-1 - Start completed.
2019-05-22 17:29:12.295 [http-nio-9900-exec-4] INFO  c.u.p.resource.manufacturer.rest.ManufacturerRest - new Manufacturer info param:{"id":null,"manufacturer":"UFI","remarks":"我是一只小花花，我是一只小聪聪","isDelete":0}
2019-05-22 17:43:54.277 [main] INFO  com.ufi.pdioms.resource.ResourceApplication - Starting ResourceApplication on DESKTOP-G6Q6BPH with PID 18748 (G:\WorkTest\pdioms_resource_rest\target\classes started by 18933 in G:\WorkTest\pdioms_resource_rest)
2019-05-22 17:43:54.281 [main] INFO  com.ufi.pdioms.resource.ResourceApplication - No active profile set, falling back to default profiles: default
2019-05-22 17:43:55.128 [main] INFO  o.s.d.r.config.RepositoryConfigurationDelegate - Multiple Spring Data modules found, entering strict repository configuration mode!
2019-05-22 17:43:55.131 [main] INFO  o.s.d.r.config.RepositoryConfigurationDelegate - Bootstrapping Spring Data repositories in DEFAULT mode.
2019-05-22 17:43:55.165 [main] INFO  o.s.d.r.config.RepositoryConfigurationDelegate - Finished Spring Data repository scanning in 20ms. Found 0 repository interfaces.
2019-05-22 17:43:55.387 [main] INFO  o.s.c.s.PostProcessorRegistrationDelegate$BeanPostProcessorChecker - Bean 'org.springframework.transaction.annotation.ProxyTransactionManagementConfiguration' of type [org.springframework.transaction.annotation.ProxyTransactionManagementConfiguration$$EnhancerBySpringCGLIB$$a8b44862] is not eligible for getting processed by all BeanPostProcessors (for example: not eligible for auto-proxying)
2019-05-22 17:43:55.592 [main] INFO  o.s.boot.web.embedded.tomcat.TomcatWebServer - Tomcat initialized with port(s): 9900 (http)
2019-05-22 17:43:55.605 [main] INFO  org.apache.coyote.http11.Http11NioProtocol - Initializing ProtocolHandler ["http-nio-9900"]
2019-05-22 17:43:55.614 [main] INFO  org.apache.catalina.core.StandardService - Starting service [Tomcat]
2019-05-22 17:43:55.614 [main] INFO  org.apache.catalina.core.StandardEngine - Starting Servlet engine: [Apache Tomcat/9.0.19]
2019-05-22 17:43:55.619 [main] INFO  org.apache.catalina.core.AprLifecycleListener - Loaded APR based Apache Tomcat Native library [1.2.21] using APR version [1.6.5].
2019-05-22 17:43:55.619 [main] INFO  org.apache.catalina.core.AprLifecycleListener - APR capabilities: IPv6 [true], sendfile [true], accept filters [false], random [true].
2019-05-22 17:43:55.619 [main] INFO  org.apache.catalina.core.AprLifecycleListener - APR/OpenSSL configuration: useAprConnector [false], useOpenSSL [true]
2019-05-22 17:43:55.622 [main] INFO  org.apache.catalina.core.AprLifecycleListener - OpenSSL successfully initialized [OpenSSL 1.1.1a  20 Nov 2018]
2019-05-22 17:43:55.787 [main] INFO  o.a.c.core.ContainerBase.[Tomcat].[localhost].[/] - Initializing Spring embedded WebApplicationContext
2019-05-22 17:43:55.787 [main] INFO  org.springframework.web.context.ContextLoader - Root WebApplicationContext: initialization completed in 1265 ms
2019-05-22 17:43:56.259 [main] INFO  o.s.scheduling.concurrent.ThreadPoolTaskExecutor - Initializing ExecutorService 'applicationTaskExecutor'
2019-05-22 17:43:56.498 [main] INFO  t.mybatis.mapper.autoconfigure.MapperCacheDisabler - Clear tk.mybatis.mapper.util.MsUtil CLASS_CACHE cache.
2019-05-22 17:43:56.498 [main] INFO  t.mybatis.mapper.autoconfigure.MapperCacheDisabler - Clear tk.mybatis.mapper.genid.GenIdUtil CACHE cache.
2019-05-22 17:43:56.499 [main] INFO  t.mybatis.mapper.autoconfigure.MapperCacheDisabler - Clear tk.mybatis.mapper.version.VersionUtil CACHE cache.
2019-05-22 17:43:56.499 [main] INFO  t.mybatis.mapper.autoconfigure.MapperCacheDisabler - Clear EntityHelper entityTableMap cache.
2019-05-22 17:43:56.706 [main] INFO  org.apache.coyote.http11.Http11NioProtocol - Starting ProtocolHandler ["http-nio-9900"]
2019-05-22 17:43:56.727 [main] INFO  o.s.boot.web.embedded.tomcat.TomcatWebServer - Tomcat started on port(s): 9900 (http) with context path ''
2019-05-22 17:43:56.729 [main] INFO  com.ufi.pdioms.resource.ResourceApplication - Started ResourceApplication in 2.826 seconds (JVM running for 3.551)
2019-05-22 17:44:10.023 [http-nio-9900-exec-2] INFO  o.a.c.core.ContainerBase.[Tomcat].[localhost].[/] - Initializing Spring DispatcherServlet 'dispatcherServlet'
2019-05-22 17:44:10.023 [http-nio-9900-exec-2] INFO  org.springframework.web.servlet.DispatcherServlet - Initializing Servlet 'dispatcherServlet'
2019-05-22 17:44:10.029 [http-nio-9900-exec-2] INFO  org.springframework.web.servlet.DispatcherServlet - Completed initialization in 6 ms
2019-05-22 17:44:10.135 [http-nio-9900-exec-2] INFO  c.u.p.resource.manufacturer.rest.ManufacturerRest - new Manufacturer info param:{"id":null,"manufacturer":"UFI","remarks":"我是一只小花花，我是一只小聪聪","isDelete":0}
2019-05-22 17:44:10.141 [http-nio-9900-exec-2] INFO  com.zaxxer.hikari.HikariDataSource - HikariPool-1 - Starting...
2019-05-22 17:44:10.240 [http-nio-9900-exec-2] INFO  com.zaxxer.hikari.HikariDataSource - HikariPool-1 - Start completed.
2019-05-22 17:44:30.092 [http-nio-9900-exec-3] INFO  c.u.p.resource.manufacturer.rest.ManufacturerRest - new Manufacturer info param:{"id":null,"manufacturer":"UFI","remarks":"我是一只小花花，我是一只小聪聪","isDelete":0}
2019-05-22 17:45:35.195 [main] INFO  com.ufi.pdioms.resource.ResourceApplication - Starting ResourceApplication on DESKTOP-G6Q6BPH with PID 12632 (G:\WorkTest\pdioms_resource_rest\target\classes started by 18933 in G:\WorkTest\pdioms_resource_rest)
2019-05-22 17:45:35.197 [main] INFO  com.ufi.pdioms.resource.ResourceApplication - No active profile set, falling back to default profiles: default
2019-05-22 17:45:35.914 [main] INFO  o.s.d.r.config.RepositoryConfigurationDelegate - Multiple Spring Data modules found, entering strict repository configuration mode!
2019-05-22 17:45:35.915 [main] INFO  o.s.d.r.config.RepositoryConfigurationDelegate - Bootstrapping Spring Data repositories in DEFAULT mode.
2019-05-22 17:45:35.944 [main] INFO  o.s.d.r.config.RepositoryConfigurationDelegate - Finished Spring Data repository scanning in 18ms. Found 0 repository interfaces.
2019-05-22 17:45:36.148 [main] INFO  o.s.c.s.PostProcessorRegistrationDelegate$BeanPostProcessorChecker - Bean 'org.springframework.transaction.annotation.ProxyTransactionManagementConfiguration' of type [org.springframework.transaction.annotation.ProxyTransactionManagementConfiguration$$EnhancerBySpringCGLIB$$f07a99a6] is not eligible for getting processed by all BeanPostProcessors (for example: not eligible for auto-proxying)
2019-05-22 17:45:36.329 [main] INFO  o.s.boot.web.embedded.tomcat.TomcatWebServer - Tomcat initialized with port(s): 9900 (http)
2019-05-22 17:45:36.339 [main] INFO  org.apache.coyote.http11.Http11NioProtocol - Initializing ProtocolHandler ["http-nio-9900"]
2019-05-22 17:45:36.348 [main] INFO  org.apache.catalina.core.StandardService - Starting service [Tomcat]
2019-05-22 17:45:36.349 [main] INFO  org.apache.catalina.core.StandardEngine - Starting Servlet engine: [Apache Tomcat/9.0.19]
2019-05-22 17:45:36.355 [main] INFO  org.apache.catalina.core.AprLifecycleListener - Loaded APR based Apache Tomcat Native library [1.2.21] using APR version [1.6.5].
2019-05-22 17:45:36.355 [main] INFO  org.apache.catalina.core.AprLifecycleListener - APR capabilities: IPv6 [true], sendfile [true], accept filters [false], random [true].
2019-05-22 17:45:36.355 [main] INFO  org.apache.catalina.core.AprLifecycleListener - APR/OpenSSL configuration: useAprConnector [false], useOpenSSL [true]
2019-05-22 17:45:36.358 [main] INFO  org.apache.catalina.core.AprLifecycleListener - OpenSSL successfully initialized [OpenSSL 1.1.1a  20 Nov 2018]
2019-05-22 17:45:36.511 [main] INFO  o.a.c.core.ContainerBase.[Tomcat].[localhost].[/] - Initializing Spring embedded WebApplicationContext
2019-05-22 17:45:36.512 [main] INFO  org.springframework.web.context.ContextLoader - Root WebApplicationContext: initialization completed in 1115 ms
2019-05-22 17:45:36.964 [main] INFO  o.s.scheduling.concurrent.ThreadPoolTaskExecutor - Initializing ExecutorService 'applicationTaskExecutor'
2019-05-22 17:45:37.192 [main] INFO  t.mybatis.mapper.autoconfigure.MapperCacheDisabler - Clear tk.mybatis.mapper.util.MsUtil CLASS_CACHE cache.
2019-05-22 17:45:37.193 [main] INFO  t.mybatis.mapper.autoconfigure.MapperCacheDisabler - Clear tk.mybatis.mapper.genid.GenIdUtil CACHE cache.
2019-05-22 17:45:37.193 [main] INFO  t.mybatis.mapper.autoconfigure.MapperCacheDisabler - Clear tk.mybatis.mapper.version.VersionUtil CACHE cache.
2019-05-22 17:45:37.193 [main] INFO  t.mybatis.mapper.autoconfigure.MapperCacheDisabler - Clear EntityHelper entityTableMap cache.
2019-05-22 17:45:37.346 [main] INFO  org.apache.coyote.http11.Http11NioProtocol - Starting ProtocolHandler ["http-nio-9900"]
2019-05-22 17:45:37.363 [main] INFO  o.s.boot.web.embedded.tomcat.TomcatWebServer - Tomcat started on port(s): 9900 (http) with context path ''
2019-05-22 17:45:37.366 [main] INFO  com.ufi.pdioms.resource.ResourceApplication - Started ResourceApplication in 2.491 seconds (JVM running for 3.193)
2019-05-22 17:45:41.475 [http-nio-9900-exec-4] INFO  o.a.c.core.ContainerBase.[Tomcat].[localhost].[/] - Initializing Spring DispatcherServlet 'dispatcherServlet'
2019-05-22 17:45:41.475 [http-nio-9900-exec-4] INFO  org.springframework.web.servlet.DispatcherServlet - Initializing Servlet 'dispatcherServlet'
2019-05-22 17:45:41.481 [http-nio-9900-exec-4] INFO  org.springframework.web.servlet.DispatcherServlet - Completed initialization in 6 ms
2019-05-22 17:45:41.602 [http-nio-9900-exec-4] INFO  c.u.p.resource.manufacturer.rest.ManufacturerRest - new Manufacturer info param:{"id":null,"manufacturer":"UFI","remarks":"我是一只小花花，我是一只小聪聪","isDelete":0}
2019-05-22 17:45:41.607 [http-nio-9900-exec-4] INFO  com.zaxxer.hikari.HikariDataSource - HikariPool-1 - Starting...
2019-05-22 17:45:41.734 [http-nio-9900-exec-4] INFO  com.zaxxer.hikari.HikariDataSource - HikariPool-1 - Start completed.
2019-05-22 17:45:59.970 [http-nio-9900-exec-3] INFO  c.u.p.resource.manufacturer.rest.ManufacturerRest - new Manufacturer info param:{"id":null,"manufacturer":"UFI22","remarks":"我是一只小花花，我是一只小聪聪","isDelete":0}
2019-05-22 18:14:25.652 [main] INFO  com.ufi.pdioms.resource.ResourceApplication - Starting ResourceApplication on DESKTOP-G6Q6BPH with PID 9268 (G:\WorkTest\pdioms_resource_rest\target\classes started by 18933 in G:\WorkTest\pdioms_resource_rest)
2019-05-22 18:14:25.655 [main] INFO  com.ufi.pdioms.resource.ResourceApplication - No active profile set, falling back to default profiles: default
2019-05-22 18:14:26.374 [main] INFO  o.s.d.r.config.RepositoryConfigurationDelegate - Multiple Spring Data modules found, entering strict repository configuration mode!
2019-05-22 18:14:26.375 [main] INFO  o.s.d.r.config.RepositoryConfigurationDelegate - Bootstrapping Spring Data repositories in DEFAULT mode.
2019-05-22 18:14:26.403 [main] INFO  o.s.d.r.config.RepositoryConfigurationDelegate - Finished Spring Data repository scanning in 18ms. Found 0 repository interfaces.
2019-05-22 18:14:26.628 [main] INFO  o.s.c.s.PostProcessorRegistrationDelegate$BeanPostProcessorChecker - Bean 'org.springframework.transaction.annotation.ProxyTransactionManagementConfiguration' of type [org.springframework.transaction.annotation.ProxyTransactionManagementConfiguration$$EnhancerBySpringCGLIB$$903421] is not eligible for getting processed by all BeanPostProcessors (for example: not eligible for auto-proxying)
2019-05-22 18:14:26.809 [main] INFO  o.s.boot.web.embedded.tomcat.TomcatWebServer - Tomcat initialized with port(s): 9900 (http)
2019-05-22 18:14:26.820 [main] INFO  org.apache.coyote.http11.Http11NioProtocol - Initializing ProtocolHandler ["http-nio-9900"]
2019-05-22 18:14:26.828 [main] INFO  org.apache.catalina.core.StandardService - Starting service [Tomcat]
2019-05-22 18:14:26.829 [main] INFO  org.apache.catalina.core.StandardEngine - Starting Servlet engine: [Apache Tomcat/9.0.19]
2019-05-22 18:14:26.834 [main] INFO  org.apache.catalina.core.AprLifecycleListener - Loaded APR based Apache Tomcat Native library [1.2.21] using APR version [1.6.5].
2019-05-22 18:14:26.834 [main] INFO  org.apache.catalina.core.AprLifecycleListener - APR capabilities: IPv6 [true], sendfile [true], accept filters [false], random [true].
2019-05-22 18:14:26.834 [main] INFO  org.apache.catalina.core.AprLifecycleListener - APR/OpenSSL configuration: useAprConnector [false], useOpenSSL [true]
2019-05-22 18:14:26.837 [main] INFO  org.apache.catalina.core.AprLifecycleListener - OpenSSL successfully initialized [OpenSSL 1.1.1a  20 Nov 2018]
2019-05-22 18:14:26.996 [main] INFO  o.a.c.core.ContainerBase.[Tomcat].[localhost].[/] - Initializing Spring embedded WebApplicationContext
2019-05-22 18:14:26.996 [main] INFO  org.springframework.web.context.ContextLoader - Root WebApplicationContext: initialization completed in 1115 ms
2019-05-22 18:14:27.462 [main] INFO  o.s.scheduling.concurrent.ThreadPoolTaskExecutor - Initializing ExecutorService 'applicationTaskExecutor'
2019-05-22 18:14:27.708 [main] INFO  t.mybatis.mapper.autoconfigure.MapperCacheDisabler - Clear tk.mybatis.mapper.util.MsUtil CLASS_CACHE cache.
2019-05-22 18:14:27.709 [main] INFO  t.mybatis.mapper.autoconfigure.MapperCacheDisabler - Clear tk.mybatis.mapper.genid.GenIdUtil CACHE cache.
2019-05-22 18:14:27.709 [main] INFO  t.mybatis.mapper.autoconfigure.MapperCacheDisabler - Clear tk.mybatis.mapper.version.VersionUtil CACHE cache.
2019-05-22 18:14:27.709 [main] INFO  t.mybatis.mapper.autoconfigure.MapperCacheDisabler - Clear EntityHelper entityTableMap cache.
2019-05-22 18:14:27.868 [main] INFO  org.apache.coyote.http11.Http11NioProtocol - Starting ProtocolHandler ["http-nio-9900"]
2019-05-22 18:14:27.886 [main] INFO  o.s.boot.web.embedded.tomcat.TomcatWebServer - Tomcat started on port(s): 9900 (http) with context path ''
2019-05-22 18:14:27.888 [main] INFO  com.ufi.pdioms.resource.ResourceApplication - Started ResourceApplication in 2.568 seconds (JVM running for 3.317)
2019-05-22 18:15:48.433 [http-nio-9900-exec-1] INFO  o.a.c.core.ContainerBase.[Tomcat].[localhost].[/] - Initializing Spring DispatcherServlet 'dispatcherServlet'
2019-05-22 18:15:48.433 [http-nio-9900-exec-1] INFO  org.springframework.web.servlet.DispatcherServlet - Initializing Servlet 'dispatcherServlet'
2019-05-22 18:15:48.439 [http-nio-9900-exec-1] INFO  org.springframework.web.servlet.DispatcherServlet - Completed initialization in 6 ms
2019-05-22 18:15:48.465 [http-nio-9900-exec-1] INFO  com.zaxxer.hikari.HikariDataSource - HikariPool-1 - Starting...
2019-05-22 18:15:48.621 [http-nio-9900-exec-1] INFO  com.zaxxer.hikari.HikariDataSource - HikariPool-1 - Start completed.
