2019-05-22 16:27:51.504 [main] WARN  tk.mybatis.spring.mapper.ClassPathMapperScanner - No MyBatis mapper was found in '[com.ufi.pdioms.resource.*.dao.*]' package. Please check your configuration.
2019-05-22 16:27:51.741 [main] WARN  org.mybatis.spring.mapper.ClassPathMapperScanner - Skipping MapperFactoryBean with name 'userDao' and 'com.ufi.pdioms.resource.drone.dao.UserDao' mapperInterface. Bean already defined with the same name!
2019-05-22 16:27:51.741 [main] WARN  org.mybatis.spring.mapper.ClassPathMapperScanner - Skipping MapperFactoryBean with name 'manufacturerDao' and 'com.ufi.pdioms.resource.manufacturer.dao.ManufacturerDao' mapperInterface. Bean already defined with the same name!
2019-05-22 16:27:51.741 [main] WARN  org.mybatis.spring.mapper.ClassPathMapperScanner - No MyBatis mapper was found in '[com.ufi.pdioms.resource]' package. Please check your configuration.
2019-05-22 16:27:57.817 [main] WARN  o.s.b.a.t.ThymeleafAutoConfiguration$DefaultTemplateResolverConfiguration - Cannot find template location: classpath:/templates/ (please add some templates or check your Thymeleaf configuration)
2019-05-22 16:28:43.198 [main] WARN  tk.mybatis.spring.mapper.ClassPathMapperScanner - No MyBatis mapper was found in '[com.ufi.pdioms.resource.*.dao.*]' package. Please check your configuration.
2019-05-22 16:28:43.327 [main] WARN  org.mybatis.spring.mapper.ClassPathMapperScanner - Skipping MapperFactoryBean with name 'userDao' and 'com.ufi.pdioms.resource.drone.dao.UserDao' mapperInterface. Bean already defined with the same name!
2019-05-22 16:28:43.327 [main] WARN  org.mybatis.spring.mapper.ClassPathMapperScanner - Skipping MapperFactoryBean with name 'manufacturerDao' and 'com.ufi.pdioms.resource.manufacturer.dao.ManufacturerDao' mapperInterface. Bean already defined with the same name!
2019-05-22 16:28:43.328 [main] WARN  org.mybatis.spring.mapper.ClassPathMapperScanner - No MyBatis mapper was found in '[com.ufi.pdioms.resource]' package. Please check your configuration.
2019-05-22 16:28:44.506 [main] WARN  o.s.b.a.t.ThymeleafAutoConfiguration$DefaultTemplateResolverConfiguration - Cannot find template location: classpath:/templates/ (please add some templates or check your Thymeleaf configuration)
2019-05-22 16:47:19.052 [main] WARN  tk.mybatis.spring.mapper.ClassPathMapperScanner - No MyBatis mapper was found in '[com.ufi.pdioms.resource.*.dao.*]' package. Please check your configuration.
2019-05-22 16:47:19.165 [main] WARN  org.mybatis.spring.mapper.ClassPathMapperScanner - Skipping MapperFactoryBean with name 'userDao' and 'com.ufi.pdioms.resource.drone.dao.UserDao' mapperInterface. Bean already defined with the same name!
2019-05-22 16:47:19.165 [main] WARN  org.mybatis.spring.mapper.ClassPathMapperScanner - Skipping MapperFactoryBean with name 'manufacturerDao' and 'com.ufi.pdioms.resource.manufacturer.dao.ManufacturerDao' mapperInterface. Bean already defined with the same name!
2019-05-22 16:47:19.166 [main] WARN  org.mybatis.spring.mapper.ClassPathMapperScanner - No MyBatis mapper was found in '[com.ufi.pdioms.resource]' package. Please check your configuration.
2019-05-22 16:47:20.366 [main] WARN  o.s.b.a.t.ThymeleafAutoConfiguration$DefaultTemplateResolverConfiguration - Cannot find template location: classpath:/templates/ (please add some templates or check your Thymeleaf configuration)
2019-05-22 16:48:10.257 [main] WARN  tk.mybatis.spring.mapper.ClassPathMapperScanner - No MyBatis mapper was found in '[com.ufi.pdioms.resource.*.dao.*]' package. Please check your configuration.
2019-05-22 16:48:10.362 [main] WARN  org.mybatis.spring.mapper.ClassPathMapperScanner - Skipping MapperFactoryBean with name 'userDao' and 'com.ufi.pdioms.resource.drone.dao.UserDao' mapperInterface. Bean already defined with the same name!
2019-05-22 16:48:10.362 [main] WARN  org.mybatis.spring.mapper.ClassPathMapperScanner - Skipping MapperFactoryBean with name 'manufacturerDao' and 'com.ufi.pdioms.resource.manufacturer.dao.ManufacturerDao' mapperInterface. Bean already defined with the same name!
2019-05-22 16:48:10.363 [main] WARN  org.mybatis.spring.mapper.ClassPathMapperScanner - No MyBatis mapper was found in '[com.ufi.pdioms.resource]' package. Please check your configuration.
2019-05-22 16:48:11.347 [main] WARN  t.m.m.mapperhelper.resolve.DefaultEntityResolve - 通用 Mapper 警告信息: <[EntityColumn{table=tb_manufacturer, property='isDelete', column='isDelete', javaType=long, jdbcType=null, typeHandler=null, id=false, identity=false, blob=false, generator='null', orderBy='null', insertable=true, updatable=true, order=DEFAULT}]> 使用了基本类型，基本类型在动态 SQL 中由于存在默认值，因此任何时候都不等于 null，建议修改基本类型为对应的包装类型!
2019-05-22 16:48:11.616 [main] WARN  o.s.b.a.t.ThymeleafAutoConfiguration$DefaultTemplateResolverConfiguration - Cannot find template location: classpath:/templates/ (please add some templates or check your Thymeleaf configuration)
2019-05-22 16:50:09.395 [main] WARN  tk.mybatis.spring.mapper.ClassPathMapperScanner - No MyBatis mapper was found in '[com.ufi.pdioms.resource.*.dao.*]' package. Please check your configuration.
2019-05-22 16:50:09.519 [main] WARN  org.mybatis.spring.mapper.ClassPathMapperScanner - Skipping MapperFactoryBean with name 'userDao' and 'com.ufi.pdioms.resource.drone.dao.UserDao' mapperInterface. Bean already defined with the same name!
2019-05-22 16:50:09.519 [main] WARN  org.mybatis.spring.mapper.ClassPathMapperScanner - Skipping MapperFactoryBean with name 'manufacturerDao' and 'com.ufi.pdioms.resource.manufacturer.dao.ManufacturerDao' mapperInterface. Bean already defined with the same name!
2019-05-22 16:50:09.520 [main] WARN  org.mybatis.spring.mapper.ClassPathMapperScanner - No MyBatis mapper was found in '[com.ufi.pdioms.resource]' package. Please check your configuration.
2019-05-22 16:50:10.441 [main] WARN  t.m.m.mapperhelper.resolve.DefaultEntityResolve - 通用 Mapper 警告信息: <[EntityColumn{table=tb_manufacturer, property='isDelete', column='isDelete', javaType=long, jdbcType=null, typeHandler=null, id=false, identity=false, blob=false, generator='null', orderBy='null', insertable=true, updatable=true, order=DEFAULT}]> 使用了基本类型，基本类型在动态 SQL 中由于存在默认值，因此任何时候都不等于 null，建议修改基本类型为对应的包装类型!
2019-05-22 16:50:10.675 [main] WARN  o.s.b.a.t.ThymeleafAutoConfiguration$DefaultTemplateResolverConfiguration - Cannot find template location: classpath:/templates/ (please add some templates or check your Thymeleaf configuration)
2019-05-22 17:16:14.559 [main] WARN  tk.mybatis.spring.mapper.ClassPathMapperScanner - No MyBatis mapper was found in '[com.ufi.pdioms.resource.*.dao.*]' package. Please check your configuration.
2019-05-22 17:16:14.670 [main] WARN  org.mybatis.spring.mapper.ClassPathMapperScanner - Skipping MapperFactoryBean with name 'userDao' and 'com.ufi.pdioms.resource.drone.dao.UserDao' mapperInterface. Bean already defined with the same name!
2019-05-22 17:16:14.670 [main] WARN  org.mybatis.spring.mapper.ClassPathMapperScanner - Skipping MapperFactoryBean with name 'manufacturerDao' and 'com.ufi.pdioms.resource.manufacturer.dao.ManufacturerDao' mapperInterface. Bean already defined with the same name!
2019-05-22 17:16:14.671 [main] WARN  org.mybatis.spring.mapper.ClassPathMapperScanner - No MyBatis mapper was found in '[com.ufi.pdioms.resource]' package. Please check your configuration.
2019-05-22 17:16:15.587 [main] WARN  t.m.m.mapperhelper.resolve.DefaultEntityResolve - 通用 Mapper 警告信息: <[EntityColumn{table=tb_manufacturer, property='isDelete', column='isDelete', javaType=long, jdbcType=null, typeHandler=null, id=false, identity=false, blob=false, generator='null', orderBy='null', insertable=true, updatable=true, order=DEFAULT}]> 使用了基本类型，基本类型在动态 SQL 中由于存在默认值，因此任何时候都不等于 null，建议修改基本类型为对应的包装类型!
2019-05-22 17:16:15.825 [main] WARN  o.s.b.a.t.ThymeleafAutoConfiguration$DefaultTemplateResolverConfiguration - Cannot find template location: classpath:/templates/ (please add some templates or check your Thymeleaf configuration)
2019-05-22 17:19:55.427 [main] WARN  tk.mybatis.spring.mapper.ClassPathMapperScanner - No MyBatis mapper was found in '[com.ufi.pdioms.resource.*.dao.*]' package. Please check your configuration.
2019-05-22 17:19:55.543 [main] WARN  org.mybatis.spring.mapper.ClassPathMapperScanner - Skipping MapperFactoryBean with name 'userDao' and 'com.ufi.pdioms.resource.drone.dao.UserDao' mapperInterface. Bean already defined with the same name!
2019-05-22 17:19:55.543 [main] WARN  org.mybatis.spring.mapper.ClassPathMapperScanner - Skipping MapperFactoryBean with name 'manufacturerDao' and 'com.ufi.pdioms.resource.manufacturer.dao.ManufacturerDao' mapperInterface. Bean already defined with the same name!
2019-05-22 17:19:55.543 [main] WARN  org.mybatis.spring.mapper.ClassPathMapperScanner - No MyBatis mapper was found in '[com.ufi.pdioms.resource]' package. Please check your configuration.
2019-05-22 17:19:56.459 [main] WARN  t.m.m.mapperhelper.resolve.DefaultEntityResolve - 通用 Mapper 警告信息: <[EntityColumn{table=tb_manufacturer, property='isDelete', column='isDelete', javaType=long, jdbcType=null, typeHandler=null, id=false, identity=false, blob=false, generator='null', orderBy='null', insertable=true, updatable=true, order=DEFAULT}]> 使用了基本类型，基本类型在动态 SQL 中由于存在默认值，因此任何时候都不等于 null，建议修改基本类型为对应的包装类型!
2019-05-22 17:19:56.694 [main] WARN  o.s.b.a.t.ThymeleafAutoConfiguration$DefaultTemplateResolverConfiguration - Cannot find template location: classpath:/templates/ (please add some templates or check your Thymeleaf configuration)
2019-05-22 17:24:12.643 [main] WARN  tk.mybatis.spring.mapper.ClassPathMapperScanner - No MyBatis mapper was found in '[com.ufi.pdioms.resource.*.dao.*]' package. Please check your configuration.
2019-05-22 17:24:12.766 [main] WARN  org.mybatis.spring.mapper.ClassPathMapperScanner - Skipping MapperFactoryBean with name 'userDao' and 'com.ufi.pdioms.resource.drone.dao.UserDao' mapperInterface. Bean already defined with the same name!
2019-05-22 17:24:12.766 [main] WARN  org.mybatis.spring.mapper.ClassPathMapperScanner - Skipping MapperFactoryBean with name 'manufacturerDao' and 'com.ufi.pdioms.resource.manufacturer.dao.ManufacturerDao' mapperInterface. Bean already defined with the same name!
2019-05-22 17:24:12.766 [main] WARN  org.mybatis.spring.mapper.ClassPathMapperScanner - No MyBatis mapper was found in '[com.ufi.pdioms.resource]' package. Please check your configuration.
2019-05-22 17:24:13.714 [main] WARN  t.m.m.mapperhelper.resolve.DefaultEntityResolve - 通用 Mapper 警告信息: <[EntityColumn{table=tb_manufacturer, property='isDelete', column='isDelete', javaType=long, jdbcType=null, typeHandler=null, id=false, identity=false, blob=false, generator='null', orderBy='null', insertable=true, updatable=true, order=DEFAULT}]> 使用了基本类型，基本类型在动态 SQL 中由于存在默认值，因此任何时候都不等于 null，建议修改基本类型为对应的包装类型!
2019-05-22 17:24:13.998 [main] WARN  o.s.b.a.t.ThymeleafAutoConfiguration$DefaultTemplateResolverConfiguration - Cannot find template location: classpath:/templates/ (please add some templates or check your Thymeleaf configuration)
2019-05-22 17:43:54.945 [main] WARN  tk.mybatis.spring.mapper.ClassPathMapperScanner - No MyBatis mapper was found in '[com.ufi.pdioms.resource.*.dao.*]' package. Please check your configuration.
2019-05-22 17:43:55.094 [main] WARN  org.mybatis.spring.mapper.ClassPathMapperScanner - Skipping MapperFactoryBean with name 'userDao' and 'com.ufi.pdioms.resource.drone.dao.UserDao' mapperInterface. Bean already defined with the same name!
2019-05-22 17:43:55.094 [main] WARN  org.mybatis.spring.mapper.ClassPathMapperScanner - Skipping MapperFactoryBean with name 'manufacturerDao' and 'com.ufi.pdioms.resource.manufacturer.dao.ManufacturerDao' mapperInterface. Bean already defined with the same name!
2019-05-22 17:43:55.095 [main] WARN  org.mybatis.spring.mapper.ClassPathMapperScanner - No MyBatis mapper was found in '[com.ufi.pdioms.resource]' package. Please check your configuration.
2019-05-22 17:43:56.080 [main] WARN  t.m.m.mapperhelper.resolve.DefaultEntityResolve - 通用 Mapper 警告信息: <[EntityColumn{table=tb_manufacturer, property='isDelete', column='isDelete', javaType=long, jdbcType=null, typeHandler=null, id=false, identity=false, blob=false, generator='null', orderBy='null', insertable=true, updatable=true, order=DEFAULT}]> 使用了基本类型，基本类型在动态 SQL 中由于存在默认值，因此任何时候都不等于 null，建议修改基本类型为对应的包装类型!
2019-05-22 17:43:56.332 [main] WARN  o.s.b.a.t.ThymeleafAutoConfiguration$DefaultTemplateResolverConfiguration - Cannot find template location: classpath:/templates/ (please add some templates or check your Thymeleaf configuration)
2019-05-22 17:45:35.769 [main] WARN  tk.mybatis.spring.mapper.ClassPathMapperScanner - No MyBatis mapper was found in '[com.ufi.pdioms.resource.*.dao.*]' package. Please check your configuration.
2019-05-22 17:45:35.889 [main] WARN  org.mybatis.spring.mapper.ClassPathMapperScanner - Skipping MapperFactoryBean with name 'userDao' and 'com.ufi.pdioms.resource.drone.dao.UserDao' mapperInterface. Bean already defined with the same name!
2019-05-22 17:45:35.889 [main] WARN  org.mybatis.spring.mapper.ClassPathMapperScanner - Skipping MapperFactoryBean with name 'manufacturerDao' and 'com.ufi.pdioms.resource.manufacturer.dao.ManufacturerDao' mapperInterface. Bean already defined with the same name!
2019-05-22 17:45:35.889 [main] WARN  org.mybatis.spring.mapper.ClassPathMapperScanner - No MyBatis mapper was found in '[com.ufi.pdioms.resource]' package. Please check your configuration.
2019-05-22 17:45:36.781 [main] WARN  t.m.m.mapperhelper.resolve.DefaultEntityResolve - 通用 Mapper 警告信息: <[EntityColumn{table=tb_manufacturer, property='isDelete', column='isDelete', javaType=long, jdbcType=null, typeHandler=null, id=false, identity=false, blob=false, generator='null', orderBy='null', insertable=true, updatable=true, order=DEFAULT}]> 使用了基本类型，基本类型在动态 SQL 中由于存在默认值，因此任何时候都不等于 null，建议修改基本类型为对应的包装类型!
2019-05-22 17:45:37.033 [main] WARN  o.s.b.a.t.ThymeleafAutoConfiguration$DefaultTemplateResolverConfiguration - Cannot find template location: classpath:/templates/ (please add some templates or check your Thymeleaf configuration)
2019-05-22 18:14:26.238 [main] WARN  tk.mybatis.spring.mapper.ClassPathMapperScanner - No MyBatis mapper was found in '[com.ufi.pdioms.resource.*.dao.*]' package. Please check your configuration.
2019-05-22 18:14:26.349 [main] WARN  org.mybatis.spring.mapper.ClassPathMapperScanner - Skipping MapperFactoryBean with name 'userDao' and 'com.ufi.pdioms.resource.drone.dao.UserDao' mapperInterface. Bean already defined with the same name!
2019-05-22 18:14:26.350 [main] WARN  org.mybatis.spring.mapper.ClassPathMapperScanner - Skipping MapperFactoryBean with name 'manufacturerDao' and 'com.ufi.pdioms.resource.manufacturer.dao.ManufacturerDao' mapperInterface. Bean already defined with the same name!
2019-05-22 18:14:26.350 [main] WARN  org.mybatis.spring.mapper.ClassPathMapperScanner - No MyBatis mapper was found in '[com.ufi.pdioms.resource]' package. Please check your configuration.
2019-05-22 18:14:27.282 [main] WARN  t.m.m.mapperhelper.resolve.DefaultEntityResolve - 通用 Mapper 警告信息: <[EntityColumn{table=tb_manufacturer, property='isDelete', column='isDelete', javaType=long, jdbcType=null, typeHandler=null, id=false, identity=false, blob=false, generator='null', orderBy='null', insertable=true, updatable=true, order=DEFAULT}]> 使用了基本类型，基本类型在动态 SQL 中由于存在默认值，因此任何时候都不等于 null，建议修改基本类型为对应的包装类型!
2019-05-22 18:14:27.532 [main] WARN  o.s.b.a.t.ThymeleafAutoConfiguration$DefaultTemplateResolverConfiguration - Cannot find template location: classpath:/templates/ (please add some templates or check your Thymeleaf configuration)
